# JRE version: OpenJDK Runtime Environment (8.0_202-b03) (build 1.8.0_202-release-1483-b03)
# Java VM: OpenJDK 64-Bit Server VM (25.202-b03 mixed mode windows-amd64 compressed oops)
Heap:
 PSYoungGen      total 220672K, used 24589K [0x00000000e0000000, 0x00000000eef80000, 0x0000000100000000)
  eden space 203264K, 12% used [0x00000000e0000000,0x00000000e1803788,0x00000000ec680000)
  from space 17408K, 0% used [0x00000000eda80000,0x00000000eda80000,0x00000000eeb80000)
  to   space 20480K, 0% used [0x00000000ec680000,0x00000000ec680000,0x00000000eda80000)
 ParOldGen       total 137728K, used 33290K [0x00000000a0000000, 0x00000000a8680000, 0x00000000e0000000)
  object space 137728K, 24% used [0x00000000a0000000,0x00000000a20829d8,0x00000000a8680000)
 Metaspace       used 58536K, capacity 60322K, committed 60376K, reserved 1101824K
  class space    used 7979K, capacity 8430K, committed 8448K, reserved 1048576K
GC Heap History (10 events):
Event: 8.853 GC heap before
{Heap before GC invocations=9 (full 1):
 PSYoungGen      total 141312K, used 26307K [0x00000000e0000000, 0x00000000eb480000, 0x0000000100000000)
  eden space 129536K, 11% used [0x00000000e0000000,0x00000000e0e35218,0x00000000e7e80000)
  from space 11776K, 99% used [0x00000000e7e80000,0x00000000e89fbd90,0x00000000e8a00000)
  to   space 13824K, 0% used [0x00000000ea700000,0x00000000ea700000,0x00000000eb480000)
 ParOldGen       total 64000K, used 10863K [0x00000000a0000000, 0x00000000a3e80000, 0x00000000e0000000)
  object space 64000K, 16% used [0x00000000a0000000,0x00000000a0a9bd88,0x00000000a3e80000)
 Metaspace       used 34701K, capacity 35402K, committed 35456K, reserved 1079296K
  class space    used 4778K, capacity 4990K, committed 4992K, reserved 1048576K
Event: 8.869 GC heap after
Heap after GC invocations=9 (full 1):
 PSYoungGen      total 171520K, used 8482K [0x00000000e0000000, 0x00000000ee900000, 0x0000000100000000)
  eden space 157696K, 0% used [0x00000000e0000000,0x00000000e0000000,0x00000000e9a00000)
  from space 13824K, 61% used [0x00000000ea700000,0x00000000eaf48b18,0x00000000eb480000)
  to   space 13312K, 0% used [0x00000000e9a00000,0x00000000e9a00000,0x00000000ea700000)
 ParOldGen       total 64000K, used 10871K [0x00000000a0000000, 0x00000000a3e80000, 0x00000000e0000000)
  object space 64000K, 16% used [0x00000000a0000000,0x00000000a0a9dd88,0x00000000a3e80000)
 Metaspace       used 34701K, capacity 35402K, committed 35456K, reserved 1079296K
  class space    used 4778K, capacity 4990K, committed 4992K, reserved 1048576K
}
Event: 8.869 GC heap before
{Heap before GC invocations=10 (full 2):
 PSYoungGen      total 171520K, used 8482K [0x00000000e0000000, 0x00000000ee900000, 0x0000000100000000)
  eden space 157696K, 0% used [0x00000000e0000000,0x00000000e0000000,0x00000000e9a00000)
  from space 13824K, 61% used [0x00000000ea700000,0x00000000eaf48b18,0x00000000eb480000)
  to   space 13312K, 0% used [0x00000000e9a00000,0x00000000e9a00000,0x00000000ea700000)
 ParOldGen       total 64000K, used 10871K [0x00000000a0000000, 0x00000000a3e80000, 0x00000000e0000000)
  object space 64000K, 16% used [0x00000000a0000000,0x00000000a0a9dd88,0x00000000a3e80000)
 Metaspace       used 34701K, capacity 35402K, committed 35456K, reserved 1079296K
  class space    used 4778K, capacity 4990K, committed 4992K, reserved 1048576K
Event: 8.997 GC heap after
Heap after GC invocations=10 (full 2):
 PSYoungGen      total 171520K, used 0K [0x00000000e0000000, 0x00000000ee900000, 0x0000000100000000)
  eden space 157696K, 0% used [0x00000000e0000000,0x00000000e0000000,0x00000000e9a00000)
  from space 13824K, 0% used [0x00000000ea700000,0x00000000ea700000,0x00000000eb480000)
  to   space 13312K, 0% used [0x00000000e9a00000,0x00000000e9a00000,0x00000000ea700000)
 ParOldGen       total 91136K, used 15408K [0x00000000a0000000, 0x00000000a5900000, 0x00000000e0000000)
  object space 91136K, 16% used [0x00000000a0000000,0x00000000a0f0c080,0x00000000a5900000)
 Metaspace       used 34701K, capacity 35402K, committed 35456K, reserved 1079296K
  class space    used 4778K, capacity 4990K, committed 4992K, reserved 1048576K
}
Event: 11.694 GC heap before
{Heap before GC invocations=11 (full 2):
 PSYoungGen      total 171520K, used 157696K [0x00000000e0000000, 0x00000000ee900000, 0x0000000100000000)
  eden space 157696K, 100% used [0x00000000e0000000,0x00000000e9a00000,0x00000000e9a00000)
  from space 13824K, 0% used [0x00000000ea700000,0x00000000ea700000,0x00000000eb480000)
  to   space 13312K, 0% used [0x00000000e9a00000,0x00000000e9a00000,0x00000000ea700000)
 ParOldGen       total 91136K, used 15408K [0x00000000a0000000, 0x00000000a5900000, 0x00000000e0000000)
  object space 91136K, 16% used [0x00000000a0000000,0x00000000a0f0c080,0x00000000a5900000)
 Metaspace       used 49697K, capacity 50930K, committed 51072K, reserved 1093632K
  class space    used 6695K, capacity 7040K, committed 7040K, reserved 1048576K
Event: 11.753 GC heap after
Heap after GC invocations=11 (full 2):
 PSYoungGen      total 171008K, used 13280K [0x00000000e0000000, 0x00000000eeb80000, 0x0000000100000000)
  eden space 157696K, 0% used [0x00000000e0000000,0x00000000e0000000,0x00000000e9a00000)
  from space 13312K, 99% used [0x00000000e9a00000,0x00000000ea6f8008,0x00000000ea700000)
  to   space 17408K, 0% used [0x00000000eda80000,0x00000000eda80000,0x00000000eeb80000)
 ParOldGen       total 91136K, used 22278K [0x00000000a0000000, 0x00000000a5900000, 0x00000000e0000000)
  object space 91136K, 24% used [0x00000000a0000000,0x00000000a15c1b88,0x00000000a5900000)
 Metaspace       used 49697K, capacity 50930K, committed 51072K, reserved 1093632K
  class space    used 6695K, capacity 7040K, committed 7040K, reserved 1048576K
}
Event: 13.794 GC heap before
{Heap before GC invocations=12 (full 2):
 PSYoungGen      total 171008K, used 111834K [0x00000000e0000000, 0x00000000eeb80000, 0x0000000100000000)
  eden space 157696K, 62% used [0x00000000e0000000,0x00000000e603e9b0,0x00000000e9a00000)
  from space 13312K, 99% used [0x00000000e9a00000,0x00000000ea6f8008,0x00000000ea700000)
  to   space 17408K, 0% used [0x00000000eda80000,0x00000000eda80000,0x00000000eeb80000)
 ParOldGen       total 91136K, used 22278K [0x00000000a0000000, 0x00000000a5900000, 0x00000000e0000000)
  object space 91136K, 24% used [0x00000000a0000000,0x00000000a15c1b88,0x00000000a5900000)
 Metaspace       used 57373K, capacity 59038K, committed 59096K, reserved 1099776K
  class space    used 7780K, capacity 8162K, committed 8192K, reserved 1048576K
Event: 13.826 GC heap after
Heap after GC invocations=12 (full 2):
 PSYoungGen      total 220672K, used 17378K [0x00000000e0000000, 0x00000000eef80000, 0x0000000100000000)
  eden space 203264K, 0% used [0x00000000e0000000,0x00000000e0000000,0x00000000ec680000)
  from space 17408K, 99% used [0x00000000eda80000,0x00000000eeb78828,0x00000000eeb80000)
  to   space 20480K, 0% used [0x00000000ec680000,0x00000000ec680000,0x00000000eda80000)
 ParOldGen       total 91136K, used 24192K [0x00000000a0000000, 0x00000000a5900000, 0x00000000e0000000)
  object space 91136K, 26% used [0x00000000a0000000,0x00000000a17a0110,0x00000000a5900000)
 Metaspace       used 57373K, capacity 59038K, committed 59096K, reserved 1099776K
  class space    used 7780K, capacity 8162K, committed 8192K, reserved 1048576K
}
Event: 13.826 GC heap before
{Heap before GC invocations=13 (full 3):
 PSYoungGen      total 220672K, used 17378K [0x00000000e0000000, 0x00000000eef80000, 0x0000000100000000)
  eden space 203264K, 0% used [0x00000000e0000000,0x00000000e0000000,0x00000000ec680000)
  from space 17408K, 99% used [0x00000000eda80000,0x00000000eeb78828,0x00000000eeb80000)
  to   space 20480K, 0% used [0x00000000ec680000,0x00000000ec680000,0x00000000eda80000)
 ParOldGen       total 91136K, used 24192K [0x00000000a0000000, 0x00000000a5900000, 0x00000000e0000000)
  object space 91136K, 26% used [0x00000000a0000000,0x00000000a17a0110,0x00000000a5900000)
 Metaspace       used 57373K, capacity 59038K, committed 59096K, reserved 1099776K
  class space    used 7780K, capacity 8162K, committed 8192K, reserved 1048576K
Event: 14.140 GC heap after
Heap after GC invocations=13 (full 3):
 PSYoungGen      total 220672K, used 0K [0x00000000e0000000, 0x00000000eef80000, 0x0000000100000000)
  eden space 203264K, 0% used [0x00000000e0000000,0x00000000e0000000,0x00000000ec680000)
  from space 17408K, 0% used [0x00000000eda80000,0x00000000eda80000,0x00000000eeb80000)
  to   space 20480K, 0% used [0x00000000ec680000,0x00000000ec680000,0x00000000eda80000)
 ParOldGen       total 137728K, used 33290K [0x00000000a0000000, 0x00000000a8680000, 0x00000000e0000000)
  object space 137728K, 24% used [0x00000000a0000000,0x00000000a20829d8,0x00000000a8680000)
 Metaspace       used 57373K, capacity 59038K, committed 59096K, reserved 1099776K
  class space    used 7780K, capacity 8162K, committed 8192K, reserved 1048576K
}

